build/app/outputs/mapping/release/seeds.txt
com.signify.hue.reactivebleexample.R$color
com.signify.hue.reactivebleexample.R$drawable
com.signify.hue.reactivebleexample.BuildConfig
com.signify.hue.reactivebleexample.R$integer
com.signify.hue.reactivebleexample.R$layout
com.signify.hue.reactivebleexample.R$id
com.signify.hue.reactivebleexample.R$string
com.signify.hue.reactivebleexample.R$style
com.signify.hue.reactivebleexample.R$mipmap
com.signify.hue.reactivebleexample.R
com.signify.hue.reactivebleexample.R$styleable
com.signify.hue.reactivebleexample.MainActivity
com.signify.hue.reactivebleexample.R$dimen
com.signify.hue.reactivebleexample.R$attr
com.signify.hue.reactivebleexample.R$styleable: int SplitPairRule_splitRatio
com.signify.hue.reactivebleexample.R$dimen: int notification_action_icon_size
com.signify.hue.reactivebleexample.R$id: int tag_accessibility_clickable_spans
com.signify.hue.reactivebleexample.R$styleable: int FontFamily_fontProviderPackage
com.signify.hue.reactivebleexample.R$id: int tag_screen_reader_focusable
com.signify.hue.reactivebleexample.R$id: int action_text
com.signify.hue.reactivebleexample.R$dimen: int compat_button_inset_horizontal_material
com.signify.hue.reactivebleexample.R$drawable: int notification_action_background
com.signify.hue.reactivebleexample.R$id: int forever
com.signify.hue.reactivebleexample.R$id: int title
com.signify.hue.reactivebleexample.R$dimen: int notification_media_narrow_margin
com.signify.hue.reactivebleexample.R$styleable: int ActivityFilter_activityName
com.signify.hue.reactivebleexample.R$id: int accessibility_custom_action_14
com.signify.hue.reactivebleexample.R$id: int tag_accessibility_heading
com.signify.hue.reactivebleexample.R$styleable: int FontFamily_fontProviderSystemFontFamily
com.signify.hue.reactivebleexample.R$layout: int notification_template_icon_group
com.signify.hue.reactivebleexample.R$id: int accessibility_custom_action_31
com.signify.hue.reactivebleexample.R$id: int accessibility_custom_action_18
com.signify.hue.reactivebleexample.R$id: int accessibility_custom_action_24
com.signify.hue.reactivebleexample.R$id: int chronometer
com.signify.hue.reactivebleexample.R$drawable: int notification_bg
com.signify.hue.reactivebleexample.R$styleable: int FontFamily_fontProviderAuthority
com.signify.hue.reactivebleexample.R$integer: int status_bar_notification_info_maxnum
com.signify.hue.reactivebleexample.BuildConfig: boolean DEBUG
com.signify.hue.reactivebleexample.R$styleable: int Capability_shortcutMatchRequired
com.signify.hue.reactivebleexample.R$styleable: int FontFamilyFont_android_fontVariationSettings
com.signify.hue.reactivebleexample.R$styleable: int FontFamily_fontProviderCerts
com.signify.hue.reactivebleexample.R$attr: int fontProviderAuthority
com.signify.hue.reactivebleexample.R$id: int accessibility_custom_action_8
com.signify.hue.reactivebleexample.R$id: int accessibility_custom_action_11
com.signify.hue.reactivebleexample.R$id: int icon
com.signify.hue.reactivebleexample.R$drawable: int notification_template_icon_bg
com.signify.hue.reactivebleexample.R$styleable: int GradientColor_android_type
com.signify.hue.reactivebleexample.R$drawable: int notification_icon_background
com.signify.hue.reactivebleexample.R$dimen: int notification_top_pad_large_text
com.signify.hue.reactivebleexample.R$attr: int secondaryActivityAction
com.signify.hue.reactivebleexample.R$id: int accessibility_custom_action_12
com.signify.hue.reactivebleexample.R$attr: int fontStyle
com.signify.hue.reactivebleexample.R$attr: int finishSecondaryWithPrimary
com.signify.hue.reactivebleexample.R$id: int tag_on_receive_content_listener
com.signify.hue.reactivebleexample.R$id: int accessibility_custom_action_5
com.signify.hue.reactivebleexample.R$id: int rtl
com.signify.hue.reactivebleexample.R$attr: int fontProviderCerts
com.signify.hue.reactivebleexample.R$styleable: int FontFamily_fontProviderFetchStrategy
com.signify.hue.reactivebleexample.R$style: int TextAppearance_Compat_Notification_Time
...
com.signify.hue.flutterreactiveble.ProtobufModel$ConnectToDeviceRequest: void access$4700(com.signify.hue.flutterreactiveble.ProtobufModel$ConnectToDeviceRequest)
com.signify.hue.flutterreactiveble.ProtobufModel$DiscoveredServiceOrBuilder: java.util.List getCharacteristicUuidsList()
com.signify.hue.flutterreactiveble.ProtobufModel$DiscoverServicesInfo$Builder: com.signify.hue.flutterreactiveble.ProtobufModel$DiscoverServicesInfo$Builder addServices(int,com.signify.hue.flutterreactiveble.ProtobufModel$DiscoveredService$Builder)
kotlin.coroutines.jvm.internal.SuspendLambda: java.lang.String toString()
com.signify.hue.flutterreactiveble.ProtobufModel$DeviceScanInfo: com.signify.hue.flutterreactiveble.ProtobufModel$DeviceScanInfo parseFrom(com.google.protobuf.ByteString)
kotlin.jvm.internal.CallableReference: CallableReference(java.lang.Object)
com.signify.hue.flutterreactiveble.PluginController$pluginMethods$8: java.lang.Object invoke(java.lang.Object,java.lang.Object)
com.signify.hue.flutterreactiveble.ProtobufModel$ServiceWithCharacteristics$Builder: com.signify.hue.flutterreactiveble.ProtobufModel$ServiceWithCharacteristics$Builder removeCharacteristics(int)
com.signify.hue.flutterreactiveble.ProtobufModel$CharacteristicAddress: com.signify.hue.flutterreactiveble.ProtobufModel$CharacteristicAddress parseFrom(java.nio.ByteBuffer)
com.signify.hue.flutterreactiveble.ProtobufModel$WriteCharacteristicInfo$Builder: com.signify.hue.flutterreactiveble.ProtobufModel$WriteCharacteristicInfo$Builder clearFailure()
com.signify.hue.flutterreactiveble.ProtobufModel$DiscoveredService: void clearServiceUuid()
com.signify.hue.flutterreactiveble.ProtobufModel$DiscoveredCharacteristic$Builder: com.signify.hue.flutterreactiveble.ProtobufModel$DiscoveredCharacteristic$Builder mergeCharacteristicId(com.signify.hue.flutterreactiveble.ProtobufModel$Uuid)
com.signify.hue.flutterreactiveble.ProtobufModel$DeviceScanInfo: void ensureServiceUuidsIsMutable()
io.flutter.embedding.engine.systemchannels.PlatformChannel$SoundType: io.flutter.embedding.engine.systemchannels.PlatformChannel$SoundType[] values()
com.signify.hue.flutterreactiveble.ProtobufModel$DiscoveredService: void access$21700(com.signify.hue.flutterreactiveble.ProtobufModel$DiscoveredService)
com.signify.hue.flutterreactiveble.ProtobufModel$GenericFailure: void access$25000(com.signify.hue.flutterreactiveble.ProtobufModel$GenericFailure)
com.signify.hue.flutterreactiveble.ProtobufModel$DeviceScanInfo: void clearId()
androidx.window.embedding.SplitInfo: SplitInfo(androidx.window.embedding.ActivityStack,androidx.window.embedding.ActivityStack,float)
com.signify.hue.flutterreactiveble.ProtobufModel$ConnectToDeviceRequestOrBuilder: com.google.protobuf.MessageLite getDefaultInstanceForType()
com.signify.hue.flutterreactiveble.channelhandlers.CharNotificationHandler: void handleNotificationError(com.signify.hue.flutterreactiveble.ProtobufModel$CharacteristicAddress,java.lang.Throwable)
com.signify.hue.flutterreactiveble.ProtobufModel$NegotiateMtuRequestOrBuilder: java.lang.String getDeviceId()
androidx.window.layout.HardwareFoldingFeature$Type: androidx.window.layout.HardwareFoldingFeature$Type access$getFOLD$cp()
io.flutter.embedding.engine.FlutterJNI: void updateRefreshRate()
io.flutter.embedding.engine.renderer.SurfaceTextureWrapper: SurfaceTextureWrapper(android.graphics.SurfaceTexture,java.lang.Runnable)
com.signify.hue.flutterreactiveble.ProtobufModel$DiscoveredService$Builder: com.signify.hue.flutterreactiveble.ProtobufModel$DiscoveredService getIncludedServices(int)
com.signify.hue.flutterreactiveble.ProtobufModel$ConnectToDeviceRequest: com.signify.hue.flutterreactiveble.ProtobufModel$ConnectToDeviceRequest parseFrom(com.google.protobuf.CodedInputStream,com.google.protobuf.ExtensionRegistryLite)
com.signify.hue.flutterreactiveble.ble.ConnectionUpdate: ConnectionUpdate()
androidx.window.embedding.EmbeddingTranslatingCallback: void accept(java.util.List)