build/app/outputs/mapping/release/mapping.txt
# compiler: R8
# compiler_version: 3.0.69
# min_api: 21
# pg_map_id: 2a80081
# common_typos_disable
...
com.google.protobuf.ByteString$CodedBuilder -> com.google.protobuf.i$h:
    byte[] buffer -> b
    com.google.protobuf.CodedOutputStream output -> a
    com.google.protobuf.ByteString build() -> a
    com.google.protobuf.CodedOutputStream getCodedOutput() -> b
com.google.protobuf.ByteString$LeafByteString -> com.google.protobuf.i$i:
com.google.protobuf.ByteString$LiteralByteString -> com.google.protobuf.i$j:
    byte[] bytes -> g
    java.lang.String toStringInternal(java.nio.charset.Charset) -> B
    void writeTo(com.google.protobuf.ByteOutput) -> H
    boolean equalsRange(com.google.protobuf.ByteString,int,int) -> I
    int getOffsetIntoBytes() -> J
    java.nio.ByteBuffer asReadOnlyByteBuffer() -> f
    byte byteAt(int) -> h
    void copyToInternal(byte[],int,int,int) -> p
    byte internalByteAt(int) -> q
    boolean isValidUtf8() -> r
    com.google.protobuf.CodedInputStream newCodedInput() -> u
    int partialHash(int,int,int) -> v
    com.google.protobuf.ByteString substring(int,int) -> x
com.google.protobuf.ByteString$SystemByteArrayCopier -> com.google.protobuf.i$k:
    byte[] copyFrom(byte[],int,int) -> a
com.google.protobuf.CodedInputStream -> com.google.protobuf.j:
    com.google.protobuf.CodedInputStreamReader wrapper -> d
    int defaultRecursionLimit -> e
    int recursionLimit -> b
    int sizeLimit -> c
    int recursionDepth -> a
    int readSInt32() -> A
    long readSInt64() -> B
    java.lang.String readString() -> C
    java.lang.String readStringRequireUtf8() -> D
    int readTag() -> E
    int readUInt32() -> F
    long readUInt64() -> G
    boolean skipField(int) -> H
    void checkLastTagWas(int) -> a
    int decodeZigZag32(int) -> b
    long decodeZigZag64(long) -> c
    int getTotalBytesRead() -> d
    boolean isAtEnd() -> e
    com.google.protobuf.CodedInputStream newInstance(java.io.InputStream) -> f
    com.google.protobuf.CodedInputStream newInstance(java.io.InputStream,int) -> g
    com.google.protobuf.CodedInputStream newInstance(java.nio.ByteBuffer) -> h
    com.google.protobuf.CodedInputStream newInstance(java.nio.ByteBuffer,boolean) -> i
    com.google.protobuf.CodedInputStream newInstance(byte[]) -> j
    com.google.protobuf.CodedInputStream newInstance(byte[],int,int) -> k
    com.google.protobuf.CodedInputStream newInstance(byte[],int,int,boolean) -> l
    void popLimit(int) -> m
    int pushLimit(int) -> n
    boolean readBool() -> o
    com.google.protobuf.ByteString readBytes() -> p
    double readDouble() -> q
    int readEnum() -> r
    int readFixed32() -> s
    long readFixed64() -> t
    float readFloat() -> u
    int readInt32() -> v
com.google.protobuf.CodedInputStream$1 -> com.google.protobuf.j$a: