build/app/outputs/mapping/release/usage.txt
kotlin.coroutines.ContinuationInterceptor:
    public abstract kotlin.coroutines.CoroutineContext$Element get(kotlin.coroutines.CoroutineContext$Key)
    public abstract kotlin.coroutines.CoroutineContext minusKey(kotlin.coroutines.CoroutineContext$Key)
kotlin.coroutines.ContinuationKt$Continuation$1
kotlin.coroutines.ContinuationKt:
    private static final kotlin.coroutines.Continuation Continuation(kotlin.coroutines.CoroutineContext,kotlin.jvm.functions.Function1)
    public static final kotlin.coroutines.Continuation createCoroutine(kotlin.jvm.functions.Function1,kotlin.coroutines.Continuation)
    public static final kotlin.coroutines.Continuation createCoroutine(kotlin.jvm.functions.Function2,java.lang.Object,kotlin.coroutines.Continuation)
    private static final kotlin.coroutines.CoroutineContext getCoroutineContext()
    public static synthetic void getCoroutineContext$annotations()
    private static final void resume(kotlin.coroutines.Continuation,java.lang.Object)
    private static final void resumeWithException(kotlin.coroutines.Continuation,java.lang.Throwable)
    public static final void startCoroutine(kotlin.jvm.functions.Function1,kotlin.coroutines.Continuation)
    private static final java.lang.Object suspendCoroutine(kotlin.jvm.functions.Function1,kotlin.coroutines.Continuation)
kotlin.coroutines.CoroutineContext$Element:
    public abstract java.lang.Object fold(java.lang.Object,kotlin.jvm.functions.Function2)
    public abstract kotlin.coroutines.CoroutineContext minusKey(kotlin.coroutines.CoroutineContext$Key)
kotlin.coroutines.CoroutineContextImplKt
kotlin.coroutines.EmptyCoroutineContext:
    private static final long serialVersionUID
    private final java.lang.Object readResolve()
kotlin.coroutines.RestrictsSuspension
kotlin.coroutines.SafeContinuation$Companion
kotlin.coroutines.SafeContinuation
kotlin.coroutines.cancellation.CancellationExceptionKt
kotlin.coroutines.intrinsics.IntrinsicsKt:
    private void <init>()
kotlin.coroutines.intrinsics.IntrinsicsKt__IntrinsicsJvmKt$createCoroutineFromSuspendFunction$1
kotlin.coroutines.intrinsics.IntrinsicsKt__IntrinsicsJvmKt$createCoroutineFromSuspendFunction$2
kotlin.coroutines.intrinsics.IntrinsicsKt__IntrinsicsJvmKt$createCoroutineUnintercepted$$inlined$createCoroutineFromSuspendFunction$IntrinsicsKt__IntrinsicsJvmKt$1
kotlin.coroutines.intrinsics.IntrinsicsKt__IntrinsicsJvmKt$createCoroutineUnintercepted$$inlined$createCoroutineFromSuspendFunction$IntrinsicsKt__IntrinsicsJvmKt$2
kotlin.coroutines.intrinsics.IntrinsicsKt__IntrinsicsJvmKt:
    public void <init>()
    private static final kotlin.coroutines.Continuation createCoroutineFromSuspendFunction$IntrinsicsKt__IntrinsicsJvmKt(kotlin.coroutines.Continuation,kotlin.jvm.functions.Function1)
    public static final kotlin.coroutines.Continuation createCoroutineUnintercepted(kotlin.jvm.functions.Function1,kotlin.coroutines.Continuation)
    private static final java.lang.Object startCoroutineUninterceptedOrReturn(kotlin.jvm.functions.Function1,kotlin.coroutines.Continuation)
    private static final java.lang.Object startCoroutineUninterceptedOrReturn(kotlin.jvm.functions.Function2,java.lang.Object,kotlin.coroutines.Continuation)
    private static final java.lang.Object startCoroutineUninterceptedOrReturn(kotlin.jvm.functions.Function3,java.lang.Object,java.lang.Object,kotlin.coroutines.Continuation)
kotlin.coroutines.intrinsics.IntrinsicsKt__IntrinsicsKt:
    public void <init>()
    public static synthetic void getCOROUTINE_SUSPENDED$annotations()
    private static final java.lang.Object suspendCoroutineUninterceptedOrReturn(kotlin.jvm.functions.Function1,kotlin.coroutines.Continuation)